{
  "stats": {
    "suites": 0,
    "tests": 0,
    "passes": 0,
    "pending": 0,
    "failures": 0,
    "start": "2023-03-17T12:01:37.708Z",
    "end": "2023-03-17T12:01:38.096Z",
    "duration": 388,
    "testsRegistered": 4,
    "passPercent": 0,
    "pendingPercent": 0,
    "other": 2,
    "hasOther": true,
    "skipped": 3,
    "hasSkipped": true
  },
  "results": [
    {
      "uuid": "977ffae0-e3e2-40a9-8b3d-8bed99554cf3",
      "title": "",
      "fullFile": "cypress/e2e/ReadWritePractice.cy.js",
      "file": "cypress/e2e/ReadWritePractice.cy.js",
      "beforeHooks": [],
      "afterHooks": [],
      "tests": [],
      "suites": [
        {
          "uuid": "bd7ebb86-b72f-481c-8bfb-4c451f2e108e",
          "title": "ReadWrite actions",
          "fullFile": "",
          "file": "",
          "beforeHooks": [],
          "afterHooks": [],
          "tests": [
            {
              "title": "User should be able to read from json file",
              "fullTitle": "ReadWrite actions User should be able to read from json file",
              "timedOut": null,
              "duration": 0,
              "state": "failed",
              "speed": null,
              "pass": false,
              "fail": true,
              "pending": false,
              "context": null,
              "code": "cy.fixture('reading.json').then(newdata => {\n  cy.log(newdata);\n  cy.log(newdata.name);\n});",
              "err": {
                "message": "TypeError: Failed to execute 'fetch' on 'Window': Failed to parse URL from https://localhost:undefined/eyes/batchEnd\n\nBecause this error occurred during a `after all` hook we are skipping all of the remaining tests.",
                "estack": "TypeError: Failed to execute 'fetch' on 'Window': Failed to parse URL from https://localhost:undefined/eyes/batchEnd\n\nBecause this error occurred during a `after all` hook we are skipping all of the remaining tests.\n    at send (webpack:///./node_modules/@applitools/eyes-cypress/src/browser/makeSend.js:10:0)\n    at sendRequest (webpack:///./node_modules/@applitools/eyes-cypress/src/browser/sendRequest.js:5:0)\n    at eval (webpack:///./node_modules/@applitools/eyes-cypress/src/browser/commands.js:16:0)\n    at doPoll (webpack:///./node_modules/@applitools/eyes-cypress/src/browser/poll.js:4:0)\n    at Context.eval (webpack:///./node_modules/@applitools/eyes-cypress/src/browser/commands.js:33:0)",
                "diff": null
              },
              "uuid": "373cd462-305d-44ab-81bc-cc43c69043f6",
              "parentUUID": null,
              "isHook": false,
              "skipped": false
            },
            {
              "title": "User should be able to read using read file",
              "fullTitle": "ReadWrite actions User should be able to read using read file",
              "timedOut": null,
              "duration": 0,
              "state": "skipped",
              "speed": null,
              "pass": false,
              "fail": false,
              "pending": false,
              "context": null,
              "code": "cy.readFile('./cypress/fixtures/reading.json').then(validData => {\n  cy.log(validData.BirthPlace);\n  cy.writeFile('NewFile.txt', validData);\n  cy.writeFile('NewFile1.json', validData);\n});",
              "err": {},
              "uuid": "c789ff78-e4a0-487b-8337-86fd5b4fcbd2",
              "parentUUID": null,
              "isHook": false,
              "skipped": true
            }
          ],
          "suites": [],
          "passes": [],
          "failures": [
            "373cd462-305d-44ab-81bc-cc43c69043f6"
          ],
          "pending": [],
          "skipped": [
            "c789ff78-e4a0-487b-8337-86fd5b4fcbd2"
          ],
          "duration": 0,
          "root": false,
          "rootEmpty": false,
          "_timeout": 2000
        },
        {
          "uuid": "1f4ff625-83ab-4d00-a8ca-6cb96c697bd1",
          "title": "Uploading & downloading files",
          "fullFile": "",
          "file": "",
          "beforeHooks": [],
          "afterHooks": [],
          "tests": [
            {
              "title": "user should be able to upload files",
              "fullTitle": "Uploading & downloading files user should be able to upload files",
              "timedOut": null,
              "duration": 0,
              "state": "skipped",
              "speed": null,
              "pass": false,
              "fail": false,
              "pending": false,
              "context": null,
              "code": "cy.visit('https://ps.uci.edu/~franklin/doc/file_upload.html');\ncy.get('[name=\"userfile\"]').attachFile('reading.json');",
              "err": {},
              "uuid": "72903b08-c340-4517-8f58-3e7431078da1",
              "parentUUID": null,
              "isHook": false,
              "skipped": true
            },
            {
              "title": "user should be able to download files",
              "fullTitle": "Uploading & downloading files user should be able to download files",
              "timedOut": null,
              "duration": 0,
              "state": "skipped",
              "speed": null,
              "pass": false,
              "fail": false,
              "pending": false,
              "context": null,
              "code": "cy.downloadFile('https://www.learningcontainer.com/wp-content/uploads/2020/04/sample-text-file.txt', 'MyDownloads', 'first_download');",
              "err": {},
              "uuid": "3363034e-bccf-48ff-b5e0-569888190ed7",
              "parentUUID": null,
              "isHook": false,
              "skipped": true
            }
          ],
          "suites": [],
          "passes": [],
          "failures": [],
          "pending": [],
          "skipped": [
            "72903b08-c340-4517-8f58-3e7431078da1",
            "3363034e-bccf-48ff-b5e0-569888190ed7"
          ],
          "duration": 0,
          "root": false,
          "rootEmpty": false,
          "_timeout": 2000
        }
      ],
      "passes": [],
      "failures": [],
      "pending": [],
      "skipped": [],
      "duration": 0,
      "root": true,
      "rootEmpty": true,
      "_timeout": 2000
    }
  ],
  "meta": {
    "mocha": {
      "version": "7.0.1"
    },
    "mochawesome": {
      "options": {
        "quiet": false,
        "reportFilename": "mochawesome",
        "saveHtml": false,
        "saveJson": true,
        "consoleReporter": "spec",
        "useInlineDiffs": false,
        "code": true
      },
      "version": "7.1.3"
    },
    "marge": {
      "options": {
        "charts": true,
        "overwrite": false,
        "html": false,
        "json": true,
        "reportDir": "cypress/report/mochawesome-report"
      },
      "version": "6.2.0"
    }
  }
}