{
  "stats": {
    "suites": 0,
    "tests": 1,
    "passes": 0,
    "pending": 0,
    "failures": 1,
    "start": "2023-03-17T12:01:35.031Z",
    "end": "2023-03-17T12:01:35.431Z",
    "duration": 400,
    "testsRegistered": 1,
    "passPercent": 0,
    "pendingPercent": 0,
    "other": 1,
    "hasOther": true,
    "skipped": 0,
    "hasSkipped": false
  },
  "results": [
    {
      "uuid": "334ab625-b6d0-47b8-9910-83085f6b2482",
      "title": "",
      "fullFile": "cypress/e2e/PageObjectPractice.cy.js",
      "file": "cypress/e2e/PageObjectPractice.cy.js",
      "beforeHooks": [],
      "afterHooks": [],
      "tests": [
        {
          "title": "user should be able to login",
          "fullTitle": "user should be able to login",
          "timedOut": null,
          "duration": 176,
          "state": "failed",
          "speed": null,
          "pass": false,
          "fail": true,
          "pending": false,
          "context": null,
          "code": "cy.visit('https://opensource-demo.orangehrmlive.com/');\nconst loginPage = new _LoginPage.LoginPage();\nloginPage.enterUsername('Admin');\nloginPage.enterPassword('admin123');\nloginPage.clickLogin();\n// cy.get(':nth-child(2) > .oxd-input-group > :nth-child(2) > .oxd-input').type('Admin')\n// cy.get(':nth-child(3) > .oxd-input-group > :nth-child(2) > .oxd-input').type('admin123')\n// cy.get('.oxd-button').click()",
          "err": {
            "message": "TypeError: Failed to execute 'fetch' on 'Window': Failed to parse URL from https://localhost:undefined/eyes/batchEnd\n\nBecause this error occurred during a `after all` hook we are skipping all of the remaining tests.",
            "estack": "TypeError: Failed to execute 'fetch' on 'Window': Failed to parse URL from https://localhost:undefined/eyes/batchEnd\n\nBecause this error occurred during a `after all` hook we are skipping all of the remaining tests.\n    at send (webpack:///./node_modules/@applitools/eyes-cypress/src/browser/makeSend.js:10:0)\n    at sendRequest (webpack:///./node_modules/@applitools/eyes-cypress/src/browser/sendRequest.js:5:0)\n    at eval (webpack:///./node_modules/@applitools/eyes-cypress/src/browser/commands.js:16:0)\n    at doPoll (webpack:///./node_modules/@applitools/eyes-cypress/src/browser/poll.js:4:0)\n    at Context.eval (webpack:///./node_modules/@applitools/eyes-cypress/src/browser/commands.js:33:0)",
            "diff": null
          },
          "uuid": "edb00166-ff74-4ba9-94f4-3f73a3aec27e",
          "parentUUID": "334ab625-b6d0-47b8-9910-83085f6b2482",
          "isHook": false,
          "skipped": false
        }
      ],
      "suites": [],
      "passes": [],
      "failures": [
        "edb00166-ff74-4ba9-94f4-3f73a3aec27e"
      ],
      "pending": [],
      "skipped": [],
      "duration": 176,
      "root": true,
      "rootEmpty": false,
      "_timeout": 2000
    }
  ],
  "meta": {
    "mocha": {
      "version": "7.0.1"
    },
    "mochawesome": {
      "options": {
        "quiet": false,
        "reportFilename": "mochawesome",
        "saveHtml": false,
        "saveJson": true,
        "consoleReporter": "spec",
        "useInlineDiffs": false,
        "code": true
      },
      "version": "7.1.3"
    },
    "marge": {
      "options": {
        "charts": true,
        "overwrite": false,
        "html": false,
        "json": true,
        "reportDir": "cypress/report/mochawesome-report"
      },
      "version": "6.2.0"
    }
  }
}