{
  "stats": {
    "suites": 0,
    "tests": 1,
    "passes": 0,
    "pending": 0,
    "failures": 1,
    "start": "2023-03-17T12:02:47.875Z",
    "end": "2023-03-17T12:02:48.326Z",
    "duration": 451,
    "testsRegistered": 1,
    "passPercent": 0,
    "pendingPercent": 0,
    "other": 1,
    "hasOther": true,
    "skipped": 0,
    "hasSkipped": false
  },
  "results": [
    {
      "uuid": "8d7057e5-2f09-4d70-904b-6e9efb2480e0",
      "title": "",
      "fullFile": "cypress/e2e/AssertionsPractice.cy.js",
      "file": "cypress/e2e/AssertionsPractice.cy.js",
      "beforeHooks": [],
      "afterHooks": [],
      "tests": [
        {
          "title": "Assertions demo",
          "fullTitle": "Assertions demo",
          "timedOut": null,
          "duration": 162,
          "state": "failed",
          "speed": null,
          "pass": false,
          "fail": true,
          "pending": false,
          "context": null,
          "code": "cy.visit(\"https://example.cypress.io\");\ncy.contains('get').click();\n//implicit assertions\ncy.get('#query-btn').should('be.visible', 'button').and('have.class', 'query-btn').and('be.enabled');\n//explicit assertions\nlet name = 'cypress';\nexpect(name).to.be.equal('cypress');\nexpect(true).to.be.true;\nassert.equal(45, 45, 'Numbers are equal');\nassert.equal('9', 9, 'datatypes are not same');\nassert.notStrictEqual('9', 9, 'datatypes are not same');",
          "err": {
            "message": "TypeError: Failed to execute 'fetch' on 'Window': Failed to parse URL from https://localhost:undefined/eyes/batchEnd\n\nBecause this error occurred during a `after all` hook we are skipping all of the remaining tests.",
            "estack": "TypeError: Failed to execute 'fetch' on 'Window': Failed to parse URL from https://localhost:undefined/eyes/batchEnd\n\nBecause this error occurred during a `after all` hook we are skipping all of the remaining tests.\n    at send (webpack:///./node_modules/@applitools/eyes-cypress/src/browser/makeSend.js:10:0)\n    at sendRequest (webpack:///./node_modules/@applitools/eyes-cypress/src/browser/sendRequest.js:5:0)\n    at eval (webpack:///./node_modules/@applitools/eyes-cypress/src/browser/commands.js:16:0)\n    at doPoll (webpack:///./node_modules/@applitools/eyes-cypress/src/browser/poll.js:4:0)\n    at Context.eval (webpack:///./node_modules/@applitools/eyes-cypress/src/browser/commands.js:33:0)",
            "diff": null
          },
          "uuid": "8c5a3ff5-4b77-4cf9-8c32-3dccdd95235b",
          "parentUUID": "8d7057e5-2f09-4d70-904b-6e9efb2480e0",
          "isHook": false,
          "skipped": false
        }
      ],
      "suites": [],
      "passes": [],
      "failures": [
        "8c5a3ff5-4b77-4cf9-8c32-3dccdd95235b"
      ],
      "pending": [],
      "skipped": [],
      "duration": 162,
      "root": true,
      "rootEmpty": false,
      "_timeout": 2000
    }
  ],
  "meta": {
    "mocha": {
      "version": "7.0.1"
    },
    "mochawesome": {
      "options": {
        "quiet": false,
        "reportFilename": "mochawesome",
        "saveHtml": false,
        "saveJson": true,
        "consoleReporter": "spec",
        "useInlineDiffs": false,
        "code": true
      },
      "version": "7.1.3"
    },
    "marge": {
      "options": {
        "charts": true,
        "overwrite": false,
        "html": false,
        "json": true,
        "reportDir": "cypress/report/mochawesome-report"
      },
      "version": "6.2.0"
    }
  }
}